<?xml version="1.0" encoding="UTF-8"?>
<!-- Generated by org.testng.reporters.JUnitReportReporter -->
<testsuite hostname="DESKTOP-IL9PQM6" failures="0" tests="1" name="TestNGpgm.WindowHandle" time="22.289" errors="0" timestamp="2024-05-29T23:23:36 IST" skipped="0">
  <testcase classname="TestNGpgm.WindowHandle" name="test1" time="22.289"/>
  <system-out/>
</testsuite> <!-- TestNGpgm.WindowHandle -->
