<?xml version="1.0" encoding="UTF-8"?>
<!-- Generated by org.testng.reporters.JUnitReportReporter -->
<testsuite hostname="DESKTOP-IL9PQM6" failures="0" tests="1" name="TestNGpgm.DataDriven2" time="4.355" errors="0" timestamp="2024-06-12T14:09:54 IST" skipped="0">
  <testcase classname="TestNGpgm.DataDriven2" name="main" time="4.355"/>
  <system-out/>
</testsuite> <!-- TestNGpgm.DataDriven2 -->
