<?xml version="1.0" encoding="UTF-8"?>
<!-- Generated by org.testng.reporters.JUnitReportReporter -->
<testsuite hostname="DESKTOP-IL9PQM6" failures="0" tests="1" name="TestNGpgm.TestNGGrouping" time="0.020" errors="0" timestamp="2024-05-22T10:47:06 IST" skipped="0">
  <testcase classname="TestNGpgm.TestNGGrouping" name="main2" time="0.020"/>
  <system-out/>
</testsuite> <!-- TestNGpgm.TestNGGrouping -->
