<?xml version="1.0" encoding="UTF-8"?>
<!-- Generated by org.testng.reporters.JUnitReportReporter -->
<testsuite hostname="DESKTOP-IL9PQM6" failures="0" tests="1" name="TestNGpgm.FileUploadBySendkeys" time="15.501" errors="0" timestamp="2024-05-29T19:37:55 IST" skipped="0">
  <testcase classname="TestNGpgm.FileUploadBySendkeys" name="test1" time="15.501"/>
  <system-out/>
</testsuite> <!-- TestNGpgm.FileUploadBySendkeys -->
