<?xml version="1.0" encoding="UTF-8"?>
<!-- Generated by org.testng.reporters.JUnitReportReporter -->
<testsuite hostname="DESKTOP-IL9PQM6" failures="0" tests="1" name="TestNGpgm.FileuploadRobot" time="13.965" errors="0" timestamp="2024-05-29T19:37:09 IST" skipped="0">
  <testcase classname="TestNGpgm.FileuploadRobot" name="test1" time="13.965"/>
  <system-out/>
</testsuite> <!-- TestNGpgm.FileuploadRobot -->
