<?xml version="1.0" encoding="UTF-8"?>
<!-- Generated by org.testng.reporters.JUnitReportReporter -->
<testsuite hostname="DESKTOP-IL9PQM6" failures="0" tests="1" name="test.BlazeLoginTest" time="7.698" errors="0" timestamp="2024-06-12T11:59:12 IST" skipped="0">
  <testcase classname="test.BlazeLoginTest" name="testlogin" time="7.698"/>
  <system-out/>
</testsuite> <!-- test.BlazeLoginTest -->
