<?xml version="1.0" encoding="UTF-8"?>
<!-- Generated by org.testng.reporters.JUnitReportReporter -->
<testsuite hostname="DESKTOP-IL9PQM6" failures="0" tests="1" name="TestNGpgm.RightDoubleClickActions" time="13.726" errors="0" timestamp="2024-05-24T12:43:18 IST" skipped="0">
  <testcase classname="TestNGpgm.RightDoubleClickActions" name="test1" time="13.726"/>
  <system-out/>
</testsuite> <!-- TestNGpgm.RightDoubleClickActions -->
