<?xml version="1.0" encoding="UTF-8"?>
<!-- Generated by org.testng.reporters.JUnitReportReporter -->
<testsuite hostname="DESKTOP-IL9PQM6" failures="0" tests="2" name="TestNGpgm.Task_rishiherbalindia" time="102.347" errors="0" timestamp="2024-05-27T11:12:41 IST" skipped="0">
  <testcase classname="TestNGpgm.Task_rishiherbalindia" name="test2" time="88.950"/>
  <system-out/>
  <testcase classname="TestNGpgm.Task_rishiherbalindia" name="test1" time="13.397"/>
  <system-out/>
</testsuite> <!-- TestNGpgm.Task_rishiherbalindia -->
