<?xml version="1.0" encoding="UTF-8"?>
<!-- Generated by org.testng.reporters.JUnitReportReporter -->
<testsuite hostname="DESKTOP-IL9PQM6" failures="0" tests="1" name="test.RegisterPgtest" time="7.310" errors="0" timestamp="2024-06-12T12:00:57 IST" skipped="0">
  <testcase classname="test.RegisterPgtest" name="testlogin" time="7.310"/>
  <system-out/>
</testsuite> <!-- test.RegisterPgtest -->
