<?xml version="1.0" encoding="UTF-8"?>
<!-- Generated by org.testng.reporters.JUnitReportReporter -->
<testsuite hostname="DESKTOP-IL9PQM6" failures="0" tests="4" name="TestNGpgm.TestNGdemo" time="0.031" errors="0" timestamp="2024-05-21T10:58:47 IST" skipped="0">
  <testcase classname="TestNGpgm.TestNGdemo" name="test3" time="0.023"/>
  <system-out/>
  <testcase classname="TestNGpgm.TestNGdemo" name="test2" time="0.002"/>
  <system-out/>
  <testcase classname="TestNGpgm.TestNGdemo" name="test2" time="0.002"/>
  <system-out/>
  <testcase classname="TestNGpgm.TestNGdemo" name="test1" time="0.004"/>
  <system-out/>
</testsuite> <!-- TestNGpgm.TestNGdemo -->
