<?xml version="1.0" encoding="UTF-8"?>
<!-- Generated by org.testng.reporters.JUnitReportReporter -->
<testsuite hostname="DESKTOP-IL9PQM6" failures="0" tests="1" name="Windowhandlepgm" time="47.881" errors="0" timestamp="2024-05-28T10:04:20 IST" skipped="0">
  <testcase classname="Windowhandlepgm" name="test1" time="47.881"/>
  <system-out/>
</testsuite> <!-- Windowhandlepgm -->
