<?xml version="1.0" encoding="UTF-8"?>
<!-- Generated by org.testng.reporters.JUnitReportReporter -->
<testsuite hostname="DESKTOP-IL9PQM6" failures="0" tests="1" name="test.Fblogintest1" time="9.536" errors="0" timestamp="2024-05-31T10:59:47 IST" skipped="0">
  <testcase classname="test.Fblogintest1" name="testlogin" time="9.536"/>
  <system-out/>
</testsuite> <!-- test.Fblogintest1 -->
