<?xml version="1.0" encoding="UTF-8"?>
<!-- Generated by org.testng.reporters.JUnitReportReporter -->
<testsuite hostname="DESKTOP-IL9PQM6" failures="0" tests="1" name="TestNGpgm.Windowhandle2" time="8.202" errors="0" timestamp="2024-05-28T14:42:23 IST" skipped="0">
  <testcase classname="TestNGpgm.Windowhandle2" name="test1" time="8.202"/>
  <system-out/>
</testsuite> <!-- TestNGpgm.Windowhandle2 -->
