<?xml version="1.0" encoding="UTF-8"?>
<!-- Generated by org.testng.reporters.JUnitReportReporter -->
<testsuite hostname="DESKTOP-IL9PQM6" failures="0" tests="1" name="TestNGpgm.DragAndDrop" time="155.855" errors="0" timestamp="2024-05-23T11:30:32 IST" skipped="0">
  <testcase classname="TestNGpgm.DragAndDrop" name="test1" time="155.855"/>
  <system-out/>
</testsuite> <!-- TestNGpgm.DragAndDrop -->
