<?xml version="1.0" encoding="UTF-8"?>
<!-- Generated by org.testng.reporters.JUnitReportReporter -->
<testsuite hostname="DESKTOP-IL9PQM6" failures="0" tests="1" name="TestNGpgm.ActionsPgm" time="13.551" errors="0" timestamp="2024-06-08T19:10:05 IST" skipped="0">
  <testcase classname="TestNGpgm.ActionsPgm" name="test1" time="13.551"/>
  <system-out/>
</testsuite> <!-- TestNGpgm.ActionsPgm -->
