<?xml version="1.0" encoding="UTF-8"?>
<!-- Generated by org.testng.reporters.JUnitReportReporter -->
<testsuite hostname="DESKTOP-IL9PQM6" failures="0" tests="1" name="test.Fblogintest" time="6.272" errors="0" timestamp="2024-05-31T11:02:14 IST" skipped="0">
  <testcase classname="test.Fblogintest" name="testlogin" time="6.272"/>
  <system-out/>
</testsuite> <!-- test.Fblogintest -->
