<?xml version="1.0" encoding="UTF-8"?>
<!-- Generated by org.testng.reporters.JUnitReportReporter -->
<testsuite hostname="DESKTOP-IL9PQM6" failures="0" tests="3" name="TestNGpgm.CrossBrowserTesting" time="10.894" errors="0" timestamp="2024-05-22T11:50:02 IST" skipped="0">
  <testcase classname="TestNGpgm.CrossBrowserTesting" name="fb" time="3.311"/>
  <system-out/>
  <testcase classname="TestNGpgm.CrossBrowserTesting" name="fb" time="5.133"/>
  <system-out/>
  <testcase classname="TestNGpgm.CrossBrowserTesting" name="fb" time="2.450"/>
  <system-out/>
</testsuite> <!-- TestNGpgm.CrossBrowserTesting -->
