<?xml version="1.0" encoding="UTF-8"?>
<!-- Generated by org.testng.reporters.JUnitReportReporter -->
<testsuite hostname="DESKTOP-IL9PQM6" failures="0" tests="1" name="TestNGpgm.TestngParameters" time="0.011" errors="0" timestamp="2024-05-22T10:59:57 IST" skipped="0">
  <testcase classname="TestNGpgm.TestngParameters" name="main" time="0.011"/>
  <system-out/>
</testsuite> <!-- TestNGpgm.TestngParameters -->
