<?xml version="1.0" encoding="UTF-8"?>
<!-- Generated by org.testng.reporters.JUnitReportReporter -->
<testsuite hostname="DESKTOP-IL9PQM6" failures="0" tests="1" name="TestNGpgm.ScrollDown" time="13.006" errors="0" timestamp="2024-05-24T12:18:38 IST" skipped="0">
  <testcase classname="TestNGpgm.ScrollDown" name="test1" time="13.006"/>
  <system-out/>
</testsuite> <!-- TestNGpgm.ScrollDown -->
